Traceback (most recent call last):
  File "/Users/clarkson/opt/miniconda3/envs/textbook/lib/python3.9/site-packages/jupyter_cache/executors/utils.py", line 58, in single_nb_execution
    executenb(
  File "/Users/clarkson/opt/miniconda3/envs/textbook/lib/python3.9/site-packages/nbclient/client.py", line 1305, in execute
    return NotebookClient(nb=nb, resources=resources, km=km, **kwargs).execute()
  File "/Users/clarkson/opt/miniconda3/envs/textbook/lib/python3.9/site-packages/jupyter_core/utils/__init__.py", line 165, in wrapped
    return loop.run_until_complete(inner)
  File "/Users/clarkson/opt/miniconda3/envs/textbook/lib/python3.9/asyncio/base_events.py", line 647, in run_until_complete
    return future.result()
  File "/Users/clarkson/opt/miniconda3/envs/textbook/lib/python3.9/site-packages/nbclient/client.py", line 705, in async_execute
    await self.async_execute_cell(
  File "/Users/clarkson/opt/miniconda3/envs/textbook/lib/python3.9/site-packages/nbclient/client.py", line 1058, in async_execute_cell
    await self._check_raise_for_error(cell, cell_index, exec_reply)
  File "/Users/clarkson/opt/miniconda3/envs/textbook/lib/python3.9/site-packages/nbclient/client.py", line 914, in _check_raise_for_error
    raise CellExecutionError.from_cell_and_msg(cell, exec_reply_content)
nbclient.exceptions.CellExecutionError: An error occurred while executing the following cell:
------------------
(** A signature for Lwt-style promises, with better names. *)
module type PROMISE = sig
  type 'a state =
    | Pending
    | Fulfilled of 'a
    | Rejected of exn

  type 'a promise

  type 'a resolver

  (** [make ()] is a new promise and resolver. The promise is pending. *)
  val make : unit -> 'a promise * 'a resolver

  (** [return x] is a new promise that is already fulfilled with value
      [x]. *)
  val return : 'a -> 'a promise

  (** [state p] is the state of the promise. *)
  val state : 'a promise -> 'a state

  (** [fulfill r x] resolves the promise [p] associated with [r] with
      value [x], meaning that [state p] will become [Fulfilled x].
      Requires: [p] is pending. *)
  val fulfill : 'a resolver -> 'a -> unit

  (** [reject r x] rejects the promise [p] associated with [r] with
      exception [x], meaning that [state p] will become [Rejected x].
      Requires: [p] is pending. *)
  val reject : 'a resolver -> exn -> unit

  (** [p >>= c] registers callback [c] with promise [p].
      When the promise is fulfilled, the callback will be run
      on the promises's contents.  If the promise is never
      fulfilled, the callback will never run. *)
  val ( >>= ) : 'a promise -> ('a -> 'b promise) -> 'b promise
end

module Promise : PROMISE = struct
  type 'a state = Pending | Fulfilled of 'a | Rejected of exn

  (** RI: the input may not be [Pending]. *)
  type 'a handler = 'a state -> unit

  (** RI: if [state <> Pending] then [handlers = []]. *)
  type 'a promise = {
    mutable state : 'a state;
    mutable handlers : 'a handler list
  }

  let enqueue
      (handler : 'a state -> unit)
      (promise : 'a promise) : unit
    =
    promise.handlers <- handler :: promise.handlers

  type 'a resolver = 'a promise

  (** [write_once p s] changes the state of [p] to be [s].  If [p] and [s]
      are both pending, that has no effect.
      Raises: [Invalid_arg] if the state of [p] is not pending. *)
  let write_once p s =
    if p.state = Pending
    then p.state <- s
    else invalid_arg "cannot write twice"

  let make () =
    let p = {state = Pending; handlers = []} in
    p, p

  let return x =
    {state = Fulfilled x; handlers = []}

  let state p = p.state

  (** Requires: [st] may not be [Pending]. *)
  let resolve (r : 'a resolver) (st : 'a state) =
    assert (st <> Pending);
    let handlers = r.handlers in
    r.handlers <- [];
    write_once r st;
    List.iter (fun f -> f st) handlers

  let reject r x =
    resolve r (Rejected x)

  let fulfill r x =
    resolve r (Fulfilled x)

  let copying_handler (resolver : 'a resolver) : 'a handler
    = function
      | Pending -> failwith "handler RI violated"
      | Rejected exc -> reject resolver exc
      | Fulfilled x -> fulfill resolver x

  let handler_of_callback
      (callback : 'a -> 'b promise)
      (resolver : 'b resolver) : 'a handler =
      fun (state : 'a state) ->
      match state with
        | Pending -> failwith "handler RI violated"
        | Rejected exc -> reject resolver exc
        | Fulfilled x ->
          try
            let promise = callback x in
            match promise.state with
            | Fulfilled y -> fulfill resolver y
            | Rejected exc -> reject resolver exc
            | Pending -> enqueue (copying_handler resolver) promise
          with exc -> reject resolver exc

  let ( >>= )
      (input_promise : 'a promise)
      (callback : 'a -> 'b promise) : 'b promise
    =
    let fail exc = {state = Rejected exc; handlers = []} in
    match input_promise.state with
    | Fulfilled x -> try callback x with exc -> fail exc
    | Rejected exc -> fail exc
    | Pending ->
      let output_promise, output_resolver = make () in
      enqueue (handler_of_callback callback output_resolver) input_promise;
      output_promise
end
------------------




